<?xml version="1.0" encoding="UTF-8"?>
<!-- Generated by org.testng.reporters.JUnitXMLReporter -->
<testsuite ignored="0" hostname="LAPTOP-E6GBO1VS" failures="1" tests="1" name="Default test(failed)" time="0.213" errors="0" timestamp="2022-03-18T12:05:31 IST">
  <testcase classname="PraticeDebug.praticeDebugging" name="debugIt" time="0.026">
    <failure type="java.lang.ArithmeticException" message="/ by zero">
      <![CDATA[java.lang.ArithmeticException: / by zero
at PraticeDebug.praticeDebugging.div(praticeDebugging.java:13)
at PraticeDebug.praticeDebugging.debugIt(praticeDebugging.java:9)
at java.base/java.util.ArrayList.forEach(ArrayList.java:1511)
... Removed 27 stack frames]]>
    </failure>
  </testcase> <!-- debugIt -->
</testsuite> <!-- Default test(failed) -->
